# JRE version: OpenJDK Runtime Environment (8.0_152-b15) (build 1.8.0_152-release-1343-b15)
# Java VM: OpenJDK 64-Bit Server VM (25.152-b15 mixed mode linux-amd64 compressed oops)
Heap:
 par new generation   total 39296K, used 12653K [0x00000000d1200000, 0x00000000d3ca0000, 0x00000000e0c00000)
  eden space 34944K,  30% used [0x00000000d1200000, 0x00000000d1c3e0d0, 0x00000000d3420000)
  from space 4352K,  49% used [0x00000000d3420000, 0x00000000d363d588, 0x00000000d3860000)
  to   space 4352K,   0% used [0x00000000d3860000, 0x00000000d3860000, 0x00000000d3ca0000)
 concurrent mark-sweep generation total 90624K, used 68575K [0x00000000e0c00000, 0x00000000e6480000, 0x0000000100000000)
 Metaspace       used 143912K, capacity 151654K, committed 151716K, reserved 1181696K
  class space    used 18263K, capacity 19668K, committed 19712K, reserved 1048576K
GC Heap History (10 events):
Event: 764.643 GC heap before
{Heap before GC invocations=37 (full 4):
 par new generation   total 39296K, used 36249K [0x00000000d1200000, 0x00000000d3ca0000, 0x00000000e0c00000)
  eden space 34944K, 100% used [0x00000000d1200000, 0x00000000d3420000, 0x00000000d3420000)
  from space 4352K,  29% used [0x00000000d3860000, 0x00000000d39a6608, 0x00000000d3ca0000)
  to   space 4352K,   0% used [0x00000000d3420000, 0x00000000d3420000, 0x00000000d3860000)
 concurrent mark-sweep generation total 90624K, used 64187K [0x00000000e0c00000, 0x00000000e6480000, 0x0000000100000000)
 Metaspace       used 143091K, capacity 150790K, committed 150948K, reserved 1181696K
  class space    used 18226K, capacity 19638K, committed 19712K, reserved 1048576K
Event: 764.655 GC heap after
Heap after GC invocations=38 (full 4):
 par new generation   total 39296K, used 1798K [0x00000000d1200000, 0x00000000d3ca0000, 0x00000000e0c00000)
  eden space 34944K,   0% used [0x00000000d1200000, 0x00000000d1200000, 0x00000000d3420000)
  from space 4352K,  41% used [0x00000000d3420000, 0x00000000d35e1870, 0x00000000d3860000)
  to   space 4352K,   0% used [0x00000000d3860000, 0x00000000d3860000, 0x00000000d3ca0000)
 concurrent mark-sweep generation total 90624K, used 64491K [0x00000000e0c00000, 0x00000000e6480000, 0x0000000100000000)
 Metaspace       used 143091K, capacity 150790K, committed 150948K, reserved 1181696K
  class space    used 18226K, capacity 19638K, committed 19712K, reserved 1048576K
}
Event: 766.025 GC heap before
{Heap before GC invocations=38 (full 4):
 par new generation   total 39296K, used 37491K [0x00000000d1200000, 0x00000000d3ca0000, 0x00000000e0c00000)
  eden space 34944K, 100% used [0x00000000d1200000, 0x00000000d3420000, 0x00000000d3420000)
  from space 4352K,  58% used [0x00000000d3420000, 0x00000000d369cdf0, 0x00000000d3860000)
  to   space 4352K,   0% used [0x00000000d3860000, 0x00000000d3860000, 0x00000000d3ca0000)
 concurrent mark-sweep generation total 90624K, used 64491K [0x00000000e0c00000, 0x00000000e6480000, 0x0000000100000000)
 Metaspace       used 143446K, capacity 151180K, committed 151460K, reserved 1181696K
  class space    used 18255K, capacity 19665K, committed 19712K, reserved 1048576K
Event: 766.039 GC heap after
Heap after GC invocations=39 (full 4):
 par new generation   total 39296K, used 4352K [0x00000000d1200000, 0x00000000d3ca0000, 0x00000000e0c00000)
  eden space 34944K,   0% used [0x00000000d1200000, 0x00000000d1200000, 0x00000000d3420000)
  from space 4352K, 100% used [0x00000000d3860000, 0x00000000d3ca0000, 0x00000000d3ca0000)
  to   space 4352K,   0% used [0x00000000d3420000, 0x00000000d3420000, 0x00000000d3860000)
 concurrent mark-sweep generation total 90624K, used 64730K [0x00000000e0c00000, 0x00000000e6480000, 0x0000000100000000)
 Metaspace       used 143446K, capacity 151180K, committed 151460K, reserved 1181696K
  class space    used 18255K, capacity 19665K, committed 19712K, reserved 1048576K
}
Event: 767.079 GC heap before
{Heap before GC invocations=39 (full 4):
 par new generation   total 39296K, used 39296K [0x00000000d1200000, 0x00000000d3ca0000, 0x00000000e0c00000)
  eden space 34944K, 100% used [0x00000000d1200000, 0x00000000d3420000, 0x00000000d3420000)
  from space 4352K, 100% used [0x00000000d3860000, 0x00000000d3ca0000, 0x00000000d3ca0000)
  to   space 4352K,   0% used [0x00000000d3420000, 0x00000000d3420000, 0x00000000d3860000)
 concurrent mark-sweep generation total 90624K, used 64730K [0x00000000e0c00000, 0x00000000e6480000, 0x0000000100000000)
 Metaspace       used 143589K, capacity 151390K, committed 151460K, reserved 1181696K
  class space    used 18256K, capacity 19668K, committed 19712K, reserved 1048576K
Event: 767.100 GC heap after
Heap after GC invocations=40 (full 4):
 par new generation   total 39296K, used 4160K [0x00000000d1200000, 0x00000000d3ca0000, 0x00000000e0c00000)
  eden space 34944K,   0% used [0x00000000d1200000, 0x00000000d1200000, 0x00000000d3420000)
  from space 4352K,  95% used [0x00000000d3420000, 0x00000000d38302c8, 0x00000000d3860000)
  to   space 4352K,   0% used [0x00000000d3860000, 0x00000000d3860000, 0x00000000d3ca0000)
 concurrent mark-sweep generation total 90624K, used 67454K [0x00000000e0c00000, 0x00000000e6480000, 0x0000000100000000)
 Metaspace       used 143589K, capacity 151390K, committed 151460K, reserved 1181696K
  class space    used 18256K, capacity 19668K, committed 19712K, reserved 1048576K
}
Event: 767.794 GC heap before
{Heap before GC invocations=40 (full 4):
 par new generation   total 39296K, used 39104K [0x00000000d1200000, 0x00000000d3ca0000, 0x00000000e0c00000)
  eden space 34944K, 100% used [0x00000000d1200000, 0x00000000d3420000, 0x00000000d3420000)
  from space 4352K,  95% used [0x00000000d3420000, 0x00000000d38302c8, 0x00000000d3860000)
  to   space 4352K,   0% used [0x00000000d3860000, 0x00000000d3860000, 0x00000000d3ca0000)
 concurrent mark-sweep generation total 90624K, used 67454K [0x00000000e0c00000, 0x00000000e6480000, 0x0000000100000000)
 Metaspace       used 143622K, capacity 151390K, committed 151460K, reserved 1181696K
  class space    used 18256K, capacity 19668K, committed 19712K, reserved 1048576K
Event: 767.802 GC heap after
Heap after GC invocations=41 (full 4):
 par new generation   total 39296K, used 2025K [0x00000000d1200000, 0x00000000d3ca0000, 0x00000000e0c00000)
  eden space 34944K,   0% used [0x00000000d1200000, 0x00000000d1200000, 0x00000000d3420000)
  from space 4352K,  46% used [0x00000000d3860000, 0x00000000d3a5a520, 0x00000000d3ca0000)
  to   space 4352K,   0% used [0x00000000d3420000, 0x00000000d3420000, 0x00000000d3860000)
 concurrent mark-sweep generation total 90624K, used 68575K [0x00000000e0c00000, 0x00000000e6480000, 0x0000000100000000)
 Metaspace       used 143622K, capacity 151390K, committed 151460K, reserved 1181696K
  class space    used 18256K, capacity 19668K, committed 19712K, reserved 1048576K
}
Event: 770.622 GC heap before
{Heap before GC invocations=41 (full 4):
 par new generation   total 39296K, used 36969K [0x00000000d1200000, 0x00000000d3ca0000, 0x00000000e0c00000)
  eden space 34944K, 100% used [0x00000000d1200000, 0x00000000d3420000, 0x00000000d3420000)
  from space 4352K,  46% used [0x00000000d3860000, 0x00000000d3a5a520, 0x00000000d3ca0000)
  to   space 4352K,   0% used [0x00000000d3420000, 0x00000000d3420000, 0x00000000d3860000)
 concurrent mark-sweep generation total 90624K, used 68575K [0x00000000e0c00000, 0x00000000e6480000, 0x0000000100000000)
 Metaspace       used 143825K, capacity 151586K, committed 151716K, reserved 1181696K
  class space    used 18262K, capacity 19668K, committed 19712K, reserved 1048576K
Event: 770.634 GC heap after
Heap after GC invocations=42 (full 4):
 par new generation   total 39296K, used 2165K [0x00000000d1200000, 0x00000000d3ca0000, 0x00000000e0c00000)
  eden space 34944K,   0% used [0x00000000d1200000, 0x00000000d1200000, 0x00000000d3420000)
  from space 4352K,  49% used [0x00000000d3420000, 0x00000000d363d588, 0x00000000d3860000)
  to   space 4352K,   0% used [0x00000000d3860000, 0x00000000d3860000, 0x00000000d3ca0000)
 concurrent mark-sweep generation total 90624K, used 68575K [0x00000000e0c00000, 0x00000000e6480000, 0x0000000100000000)
 Metaspace       used 143825K, capacity 151586K, committed 151716K, reserved 1181696K
  class space    used 18262K, capacity 19668K, committed 19712K, reserved 1048576K
}

